<?xml version="1.0" encoding="UTF-8"?>
<testng-results ignored="0" total="1" passed="1" failed="0" skipped="0">
  <reporter-output>
  </reporter-output>
  <suite started-at="2024-12-17T12:31:11 IST" name="Default suite" finished-at="2024-12-17T12:31:17 IST" duration-ms="5817">
    <groups>
    </groups>
    <test started-at="2024-12-17T12:31:11 IST" name="Default test" finished-at="2024-12-17T12:31:17 IST" duration-ms="5817">
      <class name="Advance.AutoITt">
        <test-method signature="auto()[pri:0, instance:Advance.AutoITt@1613674b]" started-at="2024-12-17T12:31:11 IST" name="auto" finished-at="2024-12-17T12:31:17 IST" duration-ms="5776" status="PASS">
          <reporter-output>
          </reporter-output>
        </test-method> <!-- auto -->
      </class> <!-- Advance.AutoITt -->
    </test> <!-- Default test -->
  </suite> <!-- Default suite -->
</testng-results>
